<?xml version="1.0" encoding="UTF-8"?>
<!-- Generated by org.testng.reporters.JUnitReportReporter -->
<testsuite hostname="Rahul" failures="0" tests="1" name="Test.VerifyFlightBooking" time="44.258" errors="0" timestamp="2024-10-22T23:41:46 IST" skipped="0">
  <testcase classname="Test.VerifyFlightBooking" name="verifyFligthBookings" time="44.258"/>
</testsuite> <!-- Test.VerifyFlightBooking -->
